2023-09-26 16:44:46,248 | DEBUG: Using selector: EpollSelector
2023-09-26 16:44:50,121 | DEBUG: Converted retries value: 3 -> Retry(total=3, connect=None, read=None, redirect=None, status=None)
2023-09-26 16:44:50,124 | DEBUG: Making request: POST https://oauth2.googleapis.com/token
2023-09-26 16:44:50,126 | DEBUG: Starting new HTTPS connection (1): oauth2.googleapis.com:443
2023-09-26 16:44:50,309 | DEBUG: https://oauth2.googleapis.com:443 "POST /token HTTP/1.1" 200 None
2023-09-26 16:44:50,312 | DEBUG: Starting new HTTPS connection (1): sheets.googleapis.com:443
2023-09-26 16:44:50,709 | DEBUG: https://sheets.googleapis.com:443 "GET /v4/spreadsheets/1HP5RYHmyaTr0PmEo8pWtoHUsG45vsEUKPJViRjC0fAA?includeGridData=false HTTP/1.1" 200 None
2023-09-26 16:44:50,881 | DEBUG: https://sheets.googleapis.com:443 "GET /v4/spreadsheets/1HP5RYHmyaTr0PmEo8pWtoHUsG45vsEUKPJViRjC0fAA?includeGridData=false HTTP/1.1" 200 None
2023-09-26 16:44:51,119 | DEBUG: https://sheets.googleapis.com:443 "GET /v4/spreadsheets/1HP5RYHmyaTr0PmEo8pWtoHUsG45vsEUKPJViRjC0fAA/values/%27Sheet1%27 HTTP/1.1" 200 None
2023-09-26 16:44:51,122 | INFO: Page: 0
2023-09-26 16:44:55,097 | INFO: https://www.villabalisale.com/property/villas-for-sale/PERFECT-HIDEAWAY-APARTMENT-IN-UBUD-WITH-ONE-SECLUDED-BEDROOM: PASS
2023-09-26 16:44:58,120 | INFO: https://www.villabalisale.com/property/villas-for-sale/High-quality-four-bedroom-villa-in-Canggu: PASS
2023-09-26 16:45:01,095 | INFO: https://www.villabalisale.com/property/villas-for-sale/luxurious-mezzanine-in-pecatu: PASS
2023-09-26 16:45:04,361 | INFO: https://www.villabalisale.com/property/villas-for-sale/stunning-villa-for-sale-in-prime-location-of-drupadi: PASS
2023-09-26 16:45:07,618 | ERROR: invalid literal for int() with base 10: '': FIXED
2023-09-26 16:45:07,619 | ERROR: invalid literal for int() with base 10: '': FIXED
2023-09-26 16:45:07,619 | INFO: https://www.villabalisale.com/property/villas-for-sale/brand-new-hotel-with-long-lease-for-sale-in-the-heart-of-seminyak: PASS
2023-09-26 16:45:11,363 | ERROR: invalid literal for int() with base 10: '': FIXED
2023-09-26 16:45:11,363 | ERROR: invalid literal for int() with base 10: '': FIXED
2023-09-26 16:45:11,363 | INFO: https://www.villabalisale.com/property/villas-for-sale/off-plan-luxury-living-of-8-bedroom-villa-in-tumbak-bayuh: PASS
2023-09-26 16:45:15,209 | INFO: https://www.villabalisale.com/property/villas-for-sale/spacious-modern-3-bedroom-villa-in-canggu-for-sale: PASS
2023-09-26 16:45:20,121 | INFO: https://www.villabalisale.com/property/villas-for-sale/upcoming-three-bedroom-villa-comfort-and-charm-in-tumbak-bayuh: PASS
2023-09-26 16:45:23,130 | INFO: https://www.villabalisale.com/property/villas-for-sale/Modern-Single-Bedroom-Villa-in-Canggu: PASS
2023-09-26 16:45:26,068 | INFO: https://www.villabalisale.com/property/villas-for-sale/Freehold-property-walking-distance-to-the-beach-in-Batu-Belig: PASS
2023-09-26 16:45:26,070 | INFO: Page: 0
2023-09-26 16:45:30,087 | INFO: https://www.villabalisale.com/property/villas-for-rent/under-renovation-luxury-four-bedrooms-closed-living-villa-in-umalas: PASS
2023-09-26 16:45:34,106 | INFO: https://www.villabalisale.com/property/villas-for-rent/amazing-tropical-style-three-bedroom-open-living-villa-in-padang-linjong-canggu: PASS
2023-09-26 16:45:37,240 | INFO: https://www.villabalisale.com/property/villas-for-rent/four-bedroom-wooden-teak-villa-located-in-kerobokan: PASS
2023-09-26 16:45:40,663 | INFO: https://www.villabalisale.com/property/villas-for-rent/amazing-five-bedroom-open-living-villa-five-minute-to-the-beach: PASS
2023-09-26 16:45:43,567 | INFO: https://www.villabalisale.com/property/villas-for-rent/modern-one-bedroom-closed-living-house-in-berawa: PASS
2023-09-26 16:45:46,755 | ERROR: could not convert string to float: 'free hold': FIXED
2023-09-26 16:45:46,755 | INFO: https://www.villabalisale.com/property/villas-for-rent/beautiful-three-bedroom-boutique-villa-situated-in-canggu: PASS
2023-09-26 16:45:50,730 | INFO: https://www.villabalisale.com/property/villas-for-rent/stylish-two-bedroom-modern-open-living-room-villa-set-in-tumbak-bayuh: PASS
2023-09-26 16:45:53,693 | ERROR: list index out of range: FIXED
2023-09-26 16:45:53,693 | INFO: https://www.villabalisale.com/property/villas-for-rent/luxury-three-bedroom-enclosed-living-villa-set-in-pererenan: PASS
2023-09-26 16:45:56,541 | INFO: https://www.villabalisale.com/property/villas-for-rent/beautiful-five-bedroom-villa-situated-in-the-pererenan-area: PASS
2023-09-26 16:45:59,457 | ERROR: list index out of range: FIXED
2023-09-26 16:45:59,457 | INFO: https://www.villabalisale.com/property/villas-for-rent/beautiful-one-bedroom-sharing-pool-villa-located-in-seminyak: PASS
2023-09-26 16:45:59,458 | INFO: Page: 0
2023-09-26 16:46:03,220 | INFO: https://www.villabalisale.com/property/land/Expansive-9-Are-Land-Parcel-in-Tranquil-Pererenan-Tumbak-Bayuh-Vicinity: PASS
2023-09-26 16:46:05,992 | INFO: https://www.villabalisale.com/property/land/Tranquil-5-Are-Land-Parcel-with-Enchanting-Rice-Field-Views-in-Tumbak-Bayuh: PASS
2023-09-26 16:46:08,842 | INFO: https://www.villabalisale.com/property/land/amazing-freehold-land-for-sale-with-jungle-views: PASS
2023-09-26 16:46:11,791 | INFO: https://www.villabalisale.com/property/land/river-view-freehold-land: PASS
2023-09-26 16:46:14,710 | INFO: https://www.villabalisale.com/property/land/river-view-land-in-buwit-for-freehold: PASS
2023-09-26 16:46:17,481 | INFO: https://www.villabalisale.com/property/land/Investment-Opportunity-near-Berawa-Beach: PASS
2023-09-26 16:46:20,777 | INFO: https://www.villabalisale.com/property/land/Great-Leasehold-Plot-Near-The-Beach-with-Ocean-View: PASS
2023-09-26 16:46:24,030 | INFO: list index out of range: FAIL
2023-09-26 16:46:24,030 | INFO: retrying...
2023-09-26 16:46:37,071 | INFO: https://www.villabalisale.com/property/land/Rare-Land-Below-Market-Price-in-Berawa-for-Sale: PASS
2023-09-26 16:46:40,108 | INFO: https://www.villabalisale.com/property/land/Versatile-6-are-Land-on-Jalan-Tegal-Cupek-Kerobokan: PASS
2023-09-26 16:46:42,815 | INFO: https://www.villabalisale.com/property/land/Tranquil-Riverside-Land-on-Jalan-Pantai-Nyanyi: PASS
2023-09-26 16:46:42,821 | INFO: Empty DataFrame
Columns: []
Index: []
2023-09-26 16:46:43,090 | DEBUG: https://sheets.googleapis.com:443 "POST /v4/spreadsheets/1HP5RYHmyaTr0PmEo8pWtoHUsG45vsEUKPJViRjC0fAA/values/%27Sheet1%27:clear HTTP/1.1" 200 None
2023-09-26 16:46:43,339 | DEBUG: https://sheets.googleapis.com:443 "POST /v4/spreadsheets/1HP5RYHmyaTr0PmEo8pWtoHUsG45vsEUKPJViRjC0fAA:batchUpdate HTTP/1.1" 200 None
2023-09-26 16:46:43,773 | DEBUG: https://sheets.googleapis.com:443 "POST /v4/spreadsheets/1HP5RYHmyaTr0PmEo8pWtoHUsG45vsEUKPJViRjC0fAA/values/%27Sheet1%27%21A1:append?valueInputOption=RAW HTTP/1.1" 200 None
2023-09-26 16:46:44,003 | DEBUG: https://sheets.googleapis.com:443 "POST /v4/spreadsheets/1HP5RYHmyaTr0PmEo8pWtoHUsG45vsEUKPJViRjC0fAA:batchUpdate HTTP/1.1" 200 None
2023-09-26 16:46:44,244 | DEBUG: https://sheets.googleapis.com:443 "POST /v4/spreadsheets/1HP5RYHmyaTr0PmEo8pWtoHUsG45vsEUKPJViRjC0fAA/values/%27Sheet1%27%21A2:append?valueInputOption=RAW HTTP/1.1" 200 None
