2023-09-26 15:53:16,891 | DEBUG: Using selector: EpollSelector
2023-09-26 15:53:21,440 | DEBUG: Converted retries value: 3 -> Retry(total=3, connect=None, read=None, redirect=None, status=None)
2023-09-26 15:53:21,443 | DEBUG: Making request: POST https://oauth2.googleapis.com/token
2023-09-26 15:53:21,446 | DEBUG: Starting new HTTPS connection (1): oauth2.googleapis.com:443
2023-09-26 15:53:21,620 | DEBUG: https://oauth2.googleapis.com:443 "POST /token HTTP/1.1" 200 None
2023-09-26 15:53:21,622 | DEBUG: Starting new HTTPS connection (1): sheets.googleapis.com:443
2023-09-26 15:53:22,032 | DEBUG: https://sheets.googleapis.com:443 "GET /v4/spreadsheets/1HP5RYHmyaTr0PmEo8pWtoHUsG45vsEUKPJViRjC0fAA?includeGridData=false HTTP/1.1" 200 None
2023-09-26 15:53:22,222 | DEBUG: https://sheets.googleapis.com:443 "GET /v4/spreadsheets/1HP5RYHmyaTr0PmEo8pWtoHUsG45vsEUKPJViRjC0fAA?includeGridData=false HTTP/1.1" 200 None
2023-09-26 15:53:22,703 | DEBUG: https://sheets.googleapis.com:443 "GET /v4/spreadsheets/1HP5RYHmyaTr0PmEo8pWtoHUsG45vsEUKPJViRjC0fAA/values/%27Sheet1%27 HTTP/1.1" 200 None
2023-09-26 15:53:22,706 | INFO: Page: 0
2023-09-26 15:53:26,933 | INFO: https://www.villabalisale.com/property/villas-for-sale/PERFECT-HIDEAWAY-APARTMENT-IN-UBUD-WITH-ONE-SECLUDED-BEDROOM: PASS
2023-09-26 15:53:29,976 | INFO: https://www.villabalisale.com/property/villas-for-sale/High-quality-four-bedroom-villa-in-Canggu: PASS
2023-09-26 15:53:32,983 | INFO: https://www.villabalisale.com/property/villas-for-sale/luxurious-mezzanine-in-pecatu: PASS
2023-09-26 15:53:36,180 | INFO: https://www.villabalisale.com/property/villas-for-sale/stunning-villa-for-sale-in-prime-location-of-drupadi: PASS
2023-09-26 15:53:39,230 | ERROR: invalid literal for int() with base 10: '': FIXED
2023-09-26 15:53:39,230 | ERROR: invalid literal for int() with base 10: '': FIXED
2023-09-26 15:53:39,230 | INFO: https://www.villabalisale.com/property/villas-for-sale/brand-new-hotel-with-long-lease-for-sale-in-the-heart-of-seminyak: PASS
2023-09-26 15:53:42,216 | ERROR: invalid literal for int() with base 10: '': FIXED
2023-09-26 15:53:42,216 | ERROR: invalid literal for int() with base 10: '': FIXED
2023-09-26 15:53:42,216 | INFO: https://www.villabalisale.com/property/villas-for-sale/off-plan-luxury-living-of-8-bedroom-villa-in-tumbak-bayuh: PASS
2023-09-26 15:53:45,251 | INFO: https://www.villabalisale.com/property/villas-for-sale/spacious-modern-3-bedroom-villa-in-canggu-for-sale: PASS
2023-09-26 15:53:49,752 | INFO: https://www.villabalisale.com/property/villas-for-sale/upcoming-three-bedroom-villa-comfort-and-charm-in-tumbak-bayuh: PASS
2023-09-26 15:53:52,747 | INFO: https://www.villabalisale.com/property/villas-for-sale/Modern-Single-Bedroom-Villa-in-Canggu: PASS
2023-09-26 15:53:55,626 | INFO: https://www.villabalisale.com/property/villas-for-sale/Freehold-property-walking-distance-to-the-beach-in-Batu-Belig: PASS
2023-09-26 15:53:55,632 | INFO: Page: 0
2023-09-26 15:53:59,610 | INFO: https://www.villabalisale.com/property/villas-for-rent/four-bedroom-wooden-teak-villa-located-in-kerobokan: PASS
2023-09-26 15:54:02,739 | INFO: https://www.villabalisale.com/property/villas-for-rent/amazing-five-bedroom-open-living-villa-five-minute-to-the-beach-available-on-november: PASS
2023-09-26 15:54:05,705 | INFO: https://www.villabalisale.com/property/villas-for-rent/modern-one-bedroom-wooden-house-in-berawa: PASS
2023-09-26 15:54:08,805 | ERROR: could not convert string to float: 'free hold': FIXED
2023-09-26 15:54:08,805 | INFO: https://www.villabalisale.com/property/villas-for-rent/beautiful-three-bedroom-boutique-villa-situated-in-canggu: PASS
2023-09-26 15:54:11,922 | INFO: https://www.villabalisale.com/property/villas-for-rent/stylish-two-bedroom-modern-open-living-room-villa-set-in-tumbak-bayuh: PASS
2023-09-26 15:54:15,207 | ERROR: list index out of range: FIXED
2023-09-26 15:54:15,207 | INFO: https://www.villabalisale.com/property/villas-for-rent/luxury-three-bedroom-enclosed-living-villa-set-in-pererenan: PASS
2023-09-26 15:54:18,566 | INFO: https://www.villabalisale.com/property/villas-for-rent/beautiful-five-bedroom-villa-situated-in-the-pererenan-area: PASS
2023-09-26 15:54:22,277 | ERROR: list index out of range: FIXED
2023-09-26 15:54:22,278 | INFO: https://www.villabalisale.com/property/villas-for-rent/beautiful-one-bedroom-sharing-pool-villa-located-in-seminyak: PASS
2023-09-26 15:54:25,553 | INFO: https://www.villabalisale.com/property/villas-for-rent/stunning-four-bedroom-villa-walking-distance-to-the-canggu-beach: PASS
2023-09-26 15:54:29,267 | INFO: https://www.villabalisale.com/property/villas-for-rent/gorgeous-three-bedroom-villa-walking-distance-to-canggu-beach: PASS
2023-09-26 15:54:29,276 | INFO: Page: 0
2023-09-26 15:54:33,277 | INFO: https://www.villabalisale.com/property/land/Expansive-9-Are-Land-Parcel-in-Tranquil-Pererenan-Tumbak-Bayuh-Vicinity: PASS
2023-09-26 15:54:36,190 | INFO: https://www.villabalisale.com/property/land/Tranquil-5-Are-Land-Parcel-with-Enchanting-Rice-Field-Views-in-Tumbak-Bayuh: PASS
2023-09-26 15:54:39,216 | INFO: https://www.villabalisale.com/property/land/amazing-freehold-land-for-sale-with-jungle-views: PASS
2023-09-26 15:54:42,143 | INFO: https://www.villabalisale.com/property/land/river-view-freehold-land: PASS
2023-09-26 15:54:45,142 | INFO: https://www.villabalisale.com/property/land/river-view-land-in-buwit-for-freehold: PASS
2023-09-26 15:54:48,239 | INFO: https://www.villabalisale.com/property/land/Investment-Opportunity-near-Berawa-Beach: PASS
2023-09-26 15:54:51,151 | INFO: https://www.villabalisale.com/property/land/Great-Leasehold-Plot-Near-The-Beach-with-Ocean-View: PASS
2023-09-26 15:54:54,028 | INFO: https://www.villabalisale.com/property/land/Rare-Land-Below-Market-Price-in-Berawa-for-Sale: PASS
2023-09-26 15:54:57,012 | INFO: https://www.villabalisale.com/property/land/Versatile-6-are-Land-on-Jalan-Tegal-Cupek-Kerobokan: PASS
2023-09-26 15:54:59,947 | INFO: https://www.villabalisale.com/property/land/Tranquil-Riverside-Land-on-Jalan-Pantai-Nyanyi: PASS
2023-09-26 15:55:00,305 | DEBUG: https://sheets.googleapis.com:443 "POST /v4/spreadsheets/1HP5RYHmyaTr0PmEo8pWtoHUsG45vsEUKPJViRjC0fAA/values/%27Sheet1%27:clear HTTP/1.1" 200 None
2023-09-26 15:55:00,561 | DEBUG: https://sheets.googleapis.com:443 "POST /v4/spreadsheets/1HP5RYHmyaTr0PmEo8pWtoHUsG45vsEUKPJViRjC0fAA:batchUpdate HTTP/1.1" 200 None
2023-09-26 15:55:00,793 | DEBUG: https://sheets.googleapis.com:443 "POST /v4/spreadsheets/1HP5RYHmyaTr0PmEo8pWtoHUsG45vsEUKPJViRjC0fAA/values/%27Sheet1%27%21A1:append?valueInputOption=RAW HTTP/1.1" 200 None
2023-09-26 15:55:01,020 | DEBUG: https://sheets.googleapis.com:443 "POST /v4/spreadsheets/1HP5RYHmyaTr0PmEo8pWtoHUsG45vsEUKPJViRjC0fAA:batchUpdate HTTP/1.1" 200 None
2023-09-26 15:55:01,252 | DEBUG: https://sheets.googleapis.com:443 "POST /v4/spreadsheets/1HP5RYHmyaTr0PmEo8pWtoHUsG45vsEUKPJViRjC0fAA/values/%27Sheet1%27%21A2:append?valueInputOption=RAW HTTP/1.1" 200 None
