2023-09-26 16:17:51,985 | DEBUG: Using selector: EpollSelector
2023-09-26 16:17:56,817 | DEBUG: Converted retries value: 3 -> Retry(total=3, connect=None, read=None, redirect=None, status=None)
2023-09-26 16:17:56,827 | DEBUG: Making request: POST https://oauth2.googleapis.com/token
2023-09-26 16:17:56,831 | DEBUG: Starting new HTTPS connection (1): oauth2.googleapis.com:443
2023-09-26 16:17:57,015 | DEBUG: https://oauth2.googleapis.com:443 "POST /token HTTP/1.1" 200 None
2023-09-26 16:17:57,017 | DEBUG: Starting new HTTPS connection (1): sheets.googleapis.com:443
2023-09-26 16:17:57,477 | DEBUG: https://sheets.googleapis.com:443 "GET /v4/spreadsheets/1HP5RYHmyaTr0PmEo8pWtoHUsG45vsEUKPJViRjC0fAA?includeGridData=false HTTP/1.1" 200 None
2023-09-26 16:17:57,664 | DEBUG: https://sheets.googleapis.com:443 "GET /v4/spreadsheets/1HP5RYHmyaTr0PmEo8pWtoHUsG45vsEUKPJViRjC0fAA?includeGridData=false HTTP/1.1" 200 None
2023-09-26 16:17:57,910 | DEBUG: https://sheets.googleapis.com:443 "GET /v4/spreadsheets/1HP5RYHmyaTr0PmEo8pWtoHUsG45vsEUKPJViRjC0fAA/values/%27Sheet1%27 HTTP/1.1" 200 None
2023-09-26 16:17:57,915 | INFO: Page: 0
2023-09-26 16:18:02,104 | INFO: https://www.villabalisale.com/property/villas-for-sale/PERFECT-HIDEAWAY-APARTMENT-IN-UBUD-WITH-ONE-SECLUDED-BEDROOM: PASS
2023-09-26 16:18:05,651 | INFO: https://www.villabalisale.com/property/villas-for-sale/High-quality-four-bedroom-villa-in-Canggu: PASS
2023-09-26 16:18:08,838 | INFO: https://www.villabalisale.com/property/villas-for-sale/luxurious-mezzanine-in-pecatu: PASS
2023-09-26 16:18:11,938 | INFO: https://www.villabalisale.com/property/villas-for-sale/stunning-villa-for-sale-in-prime-location-of-drupadi: PASS
2023-09-26 16:18:15,215 | ERROR: invalid literal for int() with base 10: '': FIXED
2023-09-26 16:18:15,215 | ERROR: invalid literal for int() with base 10: '': FIXED
2023-09-26 16:18:15,215 | INFO: https://www.villabalisale.com/property/villas-for-sale/brand-new-hotel-with-long-lease-for-sale-in-the-heart-of-seminyak: PASS
2023-09-26 16:18:18,314 | ERROR: invalid literal for int() with base 10: '': FIXED
2023-09-26 16:18:18,315 | ERROR: invalid literal for int() with base 10: '': FIXED
2023-09-26 16:18:18,315 | INFO: https://www.villabalisale.com/property/villas-for-sale/off-plan-luxury-living-of-8-bedroom-villa-in-tumbak-bayuh: PASS
2023-09-26 16:18:21,838 | INFO: https://www.villabalisale.com/property/villas-for-sale/spacious-modern-3-bedroom-villa-in-canggu-for-sale: PASS
2023-09-26 16:18:26,008 | ERROR: list index out of range: FIXED
2023-09-26 16:18:26,008 | INFO: https://www.villabalisale.com/property/villas-for-sale/upcoming-three-bedroom-villa-comfort-and-charm-in-tumbak-bayuh: PASS
2023-09-26 16:18:28,996 | INFO: https://www.villabalisale.com/property/villas-for-sale/Modern-Single-Bedroom-Villa-in-Canggu: PASS
2023-09-26 16:18:32,020 | INFO: https://www.villabalisale.com/property/villas-for-sale/Freehold-property-walking-distance-to-the-beach-in-Batu-Belig: PASS
2023-09-26 16:18:32,020 | INFO: Page: 1
2023-09-26 16:18:35,867 | INFO: https://www.villabalisale.com/property/villas-for-sale/Brand-New-Loft-Apartment-for-Sale-in-Berawa: PASS
2023-09-26 16:18:39,509 | INFO: https://www.villabalisale.com/property/villas-for-sale/New-modern-two-bedroom-property-for-lease-in-Padonan: PASS
2023-09-26 16:18:42,771 | INFO: https://www.villabalisale.com/property/villas-for-sale/Ocean-View-Estate-With-Long-Lease: PASS
2023-09-26 16:18:45,684 | INFO: https://www.villabalisale.com/property/villas-for-sale/UP-COMING-TROPICAL-MEDITERRANEAN-1-BEDROOM-VILLA-IN-SESEH: PASS
2023-09-26 16:18:48,463 | INFO: https://www.villabalisale.com/property/villas-for-sale/stylish-real-estate-in-seminyak: PASS
2023-09-26 16:18:51,339 | INFO: https://www.villabalisale.com/property/villas-for-sale/New-beautiful-two-bedroom-villas-for-lease-in-Balangan: PASS
2023-09-26 16:18:56,149 | INFO: https://www.villabalisale.com/property/villas-for-sale/tropical-contemporary-3-bedroom-villa-in-padang-padang-area: PASS
2023-09-26 16:18:59,199 | INFO: https://www.villabalisale.com/property/villas-for-sale/Exclusive-and-Luxurious-Villa-with-Massive-Courtyard-in-Kayu-Tulang-for-Sale: PASS
2023-09-26 16:19:02,120 | INFO: https://www.villabalisale.com/property/villas-for-sale/up-coming-warm-and-cozy-3bedroom-villa-in-benoa-for-sale: PASS
2023-09-26 16:19:04,845 | INFO: https://www.villabalisale.com/property/villas-for-sale/up-coming-stylish-and-spacious-2bedroom-villa-in-benoa-for-sale: PASS
2023-09-26 16:19:04,847 | INFO: Page: 0
2023-09-26 16:19:08,868 | INFO: https://www.villabalisale.com/property/villas-for-rent/under-renovation-luxury-four-bedrooms-closed-living-villa-in-umalas: PASS
2023-09-26 16:19:12,219 | INFO: https://www.villabalisale.com/property/villas-for-rent/amazing-tropical-style-three-bedroom-open-living-villa-in-padang-linjong-canggu: PASS
2023-09-26 16:19:15,437 | INFO: https://www.villabalisale.com/property/villas-for-rent/four-bedroom-wooden-teak-villa-located-in-kerobokan: PASS
2023-09-26 16:19:18,505 | INFO: list index out of range: FAIL
2023-09-26 16:19:18,505 | INFO: retrying...
2023-09-26 16:19:31,485 | INFO: https://www.villabalisale.com/property/villas-for-rent/amazing-five-bedroom-open-living-villa-five-minute-to-the-beach-available-on-november: PASS
2023-09-26 16:19:34,602 | INFO: https://www.villabalisale.com/property/villas-for-rent/modern-one-bedroom-wooden-house-in-berawa: PASS
2023-09-26 16:19:37,746 | ERROR: could not convert string to float: 'free hold': FIXED
2023-09-26 16:19:37,746 | INFO: https://www.villabalisale.com/property/villas-for-rent/beautiful-three-bedroom-boutique-villa-situated-in-canggu: PASS
2023-09-26 16:19:40,737 | INFO: https://www.villabalisale.com/property/villas-for-rent/stylish-two-bedroom-modern-open-living-room-villa-set-in-tumbak-bayuh: PASS
2023-09-26 16:19:43,707 | ERROR: list index out of range: FIXED
2023-09-26 16:19:43,707 | INFO: https://www.villabalisale.com/property/villas-for-rent/luxury-three-bedroom-enclosed-living-villa-set-in-pererenan: PASS
2023-09-26 16:19:46,826 | INFO: https://www.villabalisale.com/property/villas-for-rent/beautiful-five-bedroom-villa-situated-in-the-pererenan-area: PASS
2023-09-26 16:19:49,829 | ERROR: list index out of range: FIXED
2023-09-26 16:19:49,829 | INFO: https://www.villabalisale.com/property/villas-for-rent/beautiful-one-bedroom-sharing-pool-villa-located-in-seminyak: PASS
2023-09-26 16:19:49,831 | INFO: Page: 0
2023-09-26 16:19:53,754 | INFO: https://www.villabalisale.com/property/land/Expansive-9-Are-Land-Parcel-in-Tranquil-Pererenan-Tumbak-Bayuh-Vicinity: PASS
2023-09-26 16:19:56,467 | INFO: https://www.villabalisale.com/property/land/Tranquil-5-Are-Land-Parcel-with-Enchanting-Rice-Field-Views-in-Tumbak-Bayuh: PASS
2023-09-26 16:19:59,400 | INFO: https://www.villabalisale.com/property/land/amazing-freehold-land-for-sale-with-jungle-views: PASS
2023-09-26 16:20:02,161 | INFO: https://www.villabalisale.com/property/land/river-view-freehold-land: PASS
2023-09-26 16:20:04,996 | INFO: https://www.villabalisale.com/property/land/river-view-land-in-buwit-for-freehold: PASS
2023-09-26 16:20:07,670 | INFO: https://www.villabalisale.com/property/land/Investment-Opportunity-near-Berawa-Beach: PASS
2023-09-26 16:20:10,633 | INFO: https://www.villabalisale.com/property/land/Great-Leasehold-Plot-Near-The-Beach-with-Ocean-View: PASS
2023-09-26 16:20:13,369 | INFO: https://www.villabalisale.com/property/land/Rare-Land-Below-Market-Price-in-Berawa-for-Sale: PASS
2023-09-26 16:20:16,185 | INFO: https://www.villabalisale.com/property/land/Versatile-6-are-Land-on-Jalan-Tegal-Cupek-Kerobokan: PASS
2023-09-26 16:20:19,001 | INFO: https://www.villabalisale.com/property/land/Tranquil-Riverside-Land-on-Jalan-Pantai-Nyanyi: PASS
2023-09-26 16:20:19,005 | INFO: The Google Sheet is not empty!
2023-09-26 16:20:19,008 | INFO: cannot reindex on an axis with duplicate labels: FAIL
