2023-09-26 17:22:41,993 | DEBUG: Using selector: EpollSelector
2023-09-26 17:22:45,983 | DEBUG: Converted retries value: 3 -> Retry(total=3, connect=None, read=None, redirect=None, status=None)
2023-09-26 17:22:45,985 | DEBUG: Making request: POST https://oauth2.googleapis.com/token
2023-09-26 17:22:45,987 | DEBUG: Starting new HTTPS connection (1): oauth2.googleapis.com:443
2023-09-26 17:22:46,162 | DEBUG: https://oauth2.googleapis.com:443 "POST /token HTTP/1.1" 200 None
2023-09-26 17:22:46,164 | DEBUG: Starting new HTTPS connection (1): sheets.googleapis.com:443
2023-09-26 17:22:46,542 | DEBUG: https://sheets.googleapis.com:443 "GET /v4/spreadsheets/1HP5RYHmyaTr0PmEo8pWtoHUsG45vsEUKPJViRjC0fAA?includeGridData=false HTTP/1.1" 200 None
2023-09-26 17:22:46,714 | DEBUG: https://sheets.googleapis.com:443 "GET /v4/spreadsheets/1HP5RYHmyaTr0PmEo8pWtoHUsG45vsEUKPJViRjC0fAA?includeGridData=false HTTP/1.1" 200 None
2023-09-26 17:22:46,962 | DEBUG: https://sheets.googleapis.com:443 "GET /v4/spreadsheets/1HP5RYHmyaTr0PmEo8pWtoHUsG45vsEUKPJViRjC0fAA/values/%27Sheet1%27 HTTP/1.1" 200 None
2023-09-26 17:22:46,967 | INFO: Page: 0
2023-09-26 17:22:51,003 | INFO: https://www.villabalisale.com/property/villas-for-sale/PERFECT-HIDEAWAY-APARTMENT-IN-UBUD-WITH-ONE-SECLUDED-BEDROOM: PASS
2023-09-26 17:22:53,954 | INFO: https://www.villabalisale.com/property/villas-for-sale/High-quality-four-bedroom-villa-in-Canggu: PASS
2023-09-26 17:22:56,668 | INFO: https://www.villabalisale.com/property/villas-for-sale/luxurious-mezzanine-in-pecatu: PASS
2023-09-26 17:22:59,677 | INFO: https://www.villabalisale.com/property/villas-for-sale/stunning-villa-for-sale-in-prime-location-of-drupadi: PASS
2023-09-26 17:23:03,179 | ERROR: invalid literal for int() with base 10: '': FIXED
2023-09-26 17:23:03,179 | ERROR: invalid literal for int() with base 10: '': FIXED
2023-09-26 17:23:03,180 | INFO: https://www.villabalisale.com/property/villas-for-sale/brand-new-hotel-with-long-lease-for-sale-in-the-heart-of-seminyak: PASS
2023-09-26 17:23:06,485 | ERROR: invalid literal for int() with base 10: '': FIXED
2023-09-26 17:23:06,486 | ERROR: invalid literal for int() with base 10: '': FIXED
2023-09-26 17:23:06,486 | INFO: https://www.villabalisale.com/property/villas-for-sale/off-plan-luxury-living-of-8-bedroom-villa-in-tumbak-bayuh: PASS
2023-09-26 17:23:09,430 | INFO: https://www.villabalisale.com/property/villas-for-sale/spacious-modern-3-bedroom-villa-in-canggu-for-sale: PASS
2023-09-26 17:23:13,875 | INFO: https://www.villabalisale.com/property/villas-for-sale/upcoming-three-bedroom-villa-comfort-and-charm-in-tumbak-bayuh: PASS
2023-09-26 17:23:16,839 | INFO: https://www.villabalisale.com/property/villas-for-sale/Modern-Single-Bedroom-Villa-in-Canggu: PASS
2023-09-26 17:23:19,982 | INFO: https://www.villabalisale.com/property/villas-for-sale/Freehold-property-walking-distance-to-the-beach-in-Batu-Belig: PASS
2023-09-26 17:23:19,982 | INFO: Page: 1
2023-09-26 17:23:26,605 | INFO: https://www.villabalisale.com/property/villas-for-sale/Brand-New-Loft-Apartment-for-Sale-in-Berawa: PASS
2023-09-26 17:23:29,711 | INFO: https://www.villabalisale.com/property/villas-for-sale/New-modern-two-bedroom-property-for-lease-in-Padonan: PASS
2023-09-26 17:23:33,022 | INFO: https://www.villabalisale.com/property/villas-for-sale/Ocean-View-Estate-With-Long-Lease: PASS
2023-09-26 17:23:36,254 | INFO: https://www.villabalisale.com/property/villas-for-sale/UP-COMING-TROPICAL-MEDITERRANEAN-1-BEDROOM-VILLA-IN-SESEH: PASS
2023-09-26 17:23:39,282 | INFO: https://www.villabalisale.com/property/villas-for-sale/stylish-real-estate-in-seminyak: PASS
2023-09-26 17:23:42,362 | INFO: https://www.villabalisale.com/property/villas-for-sale/New-beautiful-two-bedroom-villas-for-lease-in-Balangan: PASS
2023-09-26 17:23:47,152 | INFO: https://www.villabalisale.com/property/villas-for-sale/tropical-contemporary-3-bedroom-villa-in-padang-padang-area: PASS
2023-09-26 17:23:50,492 | INFO: https://www.villabalisale.com/property/villas-for-sale/Exclusive-and-Luxurious-Villa-with-Massive-Courtyard-in-Kayu-Tulang-for-Sale: PASS
2023-09-26 17:23:53,444 | INFO: https://www.villabalisale.com/property/villas-for-sale/up-coming-warm-and-cozy-3bedroom-villa-in-benoa-for-sale: PASS
2023-09-26 17:23:56,314 | INFO: https://www.villabalisale.com/property/villas-for-sale/up-coming-stylish-and-spacious-2bedroom-villa-in-benoa-for-sale: PASS
2023-09-26 17:23:56,315 | INFO: Page: 2
2023-09-26 17:24:00,483 | INFO: https://www.villabalisale.com/property/villas-for-sale/off-plan-breathaking-beach-views-1-bedroom-villa-in-benoa-for-sale: PASS
2023-09-26 17:24:03,842 | INFO: https://www.villabalisale.com/property/villas-for-sale/Brand-New-Tropical-Modern-for-Lease-with-rice-paddies-view-in-Berawa: PASS
2023-09-26 17:24:07,046 | INFO: https://www.villabalisale.com/property/villas-for-sale/embrace-elegance-1-bedroom-villa-in-pererenan-for-sale: PASS
2023-09-26 17:24:10,319 | INFO: https://www.villabalisale.com/property/villas-for-sale/OCEANSIDE-FREEHOLD-VILLA-WITH-AMAZING-INVESTMENT-RETURNS: PASS
2023-09-26 17:24:13,573 | INFO: https://www.villabalisale.com/property/villas-for-sale/TWO-OCEANSIDE-VILLAS-WITH-AMAZING-INVESTMENT-RETURNS: PASS
2023-09-26 17:24:16,566 | INFO: https://www.villabalisale.com/property/villas-for-sale/Exclusive-Classic-Style-Freehold-Villa-in-Canggu: PASS
2023-09-26 17:24:19,677 | INFO: list index out of range: FAIL
2023-09-26 17:24:19,677 | INFO: retrying...
2023-09-26 17:24:33,093 | INFO: https://www.villabalisale.com/property/villas-for-sale/Modern-One-Bedroom-Residence-for-sale-in-Berawa: PASS
2023-09-26 17:24:38,343 | INFO: https://www.villabalisale.com/property/villas-for-sale/Upcoming-Elegant-One-Bedroom-Villa-in-Seseh: PASS
2023-09-26 17:24:41,579 | INFO: https://www.villabalisale.com/property/villas-for-sale/Two-bedroom-suite-apartment-inside-resort-with-great-ROI: PASS
2023-09-26 17:24:44,714 | INFO: https://www.villabalisale.com/property/villas-for-sale/One-bedroom-studio-property-with-resort-facilities: PASS
2023-09-26 17:24:44,715 | INFO: Page: 0
2023-09-26 17:24:48,957 | INFO: https://www.villabalisale.com/property/villas-for-rent/under-renovation-luxury-four-bedrooms-closed-living-villa-in-umalas: PASS
2023-09-26 17:24:51,996 | INFO: https://www.villabalisale.com/property/villas-for-rent/amazing-tropical-style-three-bedroom-open-living-villa-in-padang-linjong-canggu: PASS
2023-09-26 17:24:54,933 | INFO: https://www.villabalisale.com/property/villas-for-rent/cozy-four-bedroom-teak-wooden-open-living-villa-in-kuwum-kerobokan: PASS
2023-09-26 17:24:58,964 | INFO: https://www.villabalisale.com/property/villas-for-rent/amazing-five-bedroom-open-living-villa-five-minute-to-the-beach: PASS
2023-09-26 17:25:17,409 | INFO: https://www.villabalisale.com/property/villas-for-rent/modern-one-bedroom-closed-living-house-in-berawa: PASS
2023-09-26 17:25:20,487 | ERROR: could not convert string to float: 'free hold': FIXED
2023-09-26 17:25:20,487 | INFO: https://www.villabalisale.com/property/villas-for-rent/beautiful-three-bedroom-boutique-villa-situated-in-canggu: PASS
2023-09-26 17:25:23,517 | INFO: https://www.villabalisale.com/property/villas-for-rent/stylish-two-bedroom-modern-open-living-room-villa-set-in-tumbak-bayuh: PASS
2023-09-26 17:25:26,622 | ERROR: list index out of range: FIXED
2023-09-26 17:25:26,622 | INFO: https://www.villabalisale.com/property/villas-for-rent/luxury-three-bedroom-enclosed-living-villa-set-in-pererenan: PASS
2023-09-26 17:25:29,818 | INFO: https://www.villabalisale.com/property/villas-for-rent/beautiful-five-bedroom-villa-situated-in-the-pererenan-area: PASS
2023-09-26 17:25:32,943 | ERROR: list index out of range: FIXED
2023-09-26 17:25:32,943 | INFO: https://www.villabalisale.com/property/villas-for-rent/beautiful-one-bedroom-sharing-pool-villa-located-in-seminyak: PASS
2023-09-26 17:25:32,943 | INFO: Page: 1
2023-09-26 17:25:37,066 | INFO: https://www.villabalisale.com/property/villas-for-rent/stunning-four-bedroom-villa-walking-distance-to-the-canggu-beach: PASS
2023-09-26 17:25:40,557 | INFO: https://www.villabalisale.com/property/villas-for-rent/gorgeous-three-bedroom-villa-walking-distance-to-canggu-beach: PASS
2023-09-26 17:25:43,662 | INFO: https://www.villabalisale.com/property/villas-for-rent/stunning-three-bedrooms-enclosed-living-villa-situated-in-berawa: PASS
2023-09-26 17:25:46,930 | ERROR: list index out of range: FIXED
2023-09-26 17:25:46,930 | INFO: https://www.villabalisale.com/property/villas-for-rent/amazing-two-bedrooms-closed-living-apartment-in-canggu: PASS
2023-09-26 17:25:50,063 | ERROR: list index out of range: FIXED
2023-09-26 17:25:50,063 | INFO: https://www.villabalisale.com/property/villas-for-rent/high-end-luxury-four-bedrooms-closed-living-villa-in-umalas: PASS
2023-09-26 17:25:52,881 | INFO: https://www.villabalisale.com/property/villas-for-rent/beautiful-three-bedroom-open-living-room-villa-set-in-umalas: PASS
2023-09-26 17:25:56,095 | INFO: https://www.villabalisale.com/property/villas-for-rent/brand-new-three-bedroom-villa-with-rice-field-view-in-padonan: PASS
2023-09-26 17:25:59,600 | INFO: https://www.villabalisale.com/property/villas-for-rent/charming-three-bedroom-complex-villa-located-in-canggu-area: PASS
2023-09-26 17:26:02,865 | ERROR: list index out of range: FIXED
2023-09-26 17:26:02,865 | INFO: https://www.villabalisale.com/property/villas-for-rent/stunning-three-bedroom-villa-well-located-in-umalas: PASS
2023-09-26 17:26:06,138 | ERROR: list index out of range: FIXED
2023-09-26 17:26:06,138 | INFO: https://www.villabalisale.com/property/villas-for-rent/charming-three-bedroom-villa-well-positioned-in-canggu-will-be-available-1st-of-september-2023: PASS
2023-09-26 17:26:06,139 | INFO: Page: 0
2023-09-26 17:26:10,537 | INFO: https://www.villabalisale.com/property/land/Expansive-9-Are-Land-Parcel-in-Tranquil-Pererenan-Tumbak-Bayuh-Vicinity: PASS
2023-09-26 17:26:13,717 | INFO: https://www.villabalisale.com/property/land/Tranquil-5-Are-Land-Parcel-with-Enchanting-Rice-Field-Views-in-Tumbak-Bayuh: PASS
2023-09-26 17:26:17,497 | INFO: https://www.villabalisale.com/property/land/amazing-freehold-land-for-sale-with-jungle-views: PASS
2023-09-26 17:26:20,744 | INFO: https://www.villabalisale.com/property/land/river-view-freehold-land: PASS
2023-09-26 17:26:24,094 | INFO: https://www.villabalisale.com/property/land/river-view-land-in-buwit-for-freehold: PASS
2023-09-26 17:26:27,352 | INFO: https://www.villabalisale.com/property/land/Investment-Opportunity-near-Berawa-Beach: PASS
2023-09-26 17:26:30,668 | INFO: https://www.villabalisale.com/property/land/Great-Leasehold-Plot-Near-The-Beach-with-Ocean-View: PASS
2023-09-26 17:26:33,950 | INFO: https://www.villabalisale.com/property/land/Rare-Land-Below-Market-Price-in-Berawa-for-Sale: PASS
2023-09-26 17:26:38,296 | INFO: https://www.villabalisale.com/property/land/Versatile-6-are-Land-on-Jalan-Tegal-Cupek-Kerobokan: PASS
2023-09-26 17:26:41,619 | INFO: https://www.villabalisale.com/property/land/Tranquil-Riverside-Land-on-Jalan-Pantai-Nyanyi: PASS
2023-09-26 17:26:41,619 | INFO: Page: 1
2023-09-26 17:26:45,340 | INFO: https://www.villabalisale.com/property/land/freehold-beraban-land-for-sale: PASS
2023-09-26 17:26:48,307 | INFO: https://www.villabalisale.com/property/land/walking-distance-small-plot-in-cemagi-area: PASS
2023-09-26 17:26:51,266 | INFO: https://www.villabalisale.com/property/land/Rare-Land-in-Berawa---Best-for-Investment: PASS
2023-09-26 17:26:54,291 | INFO: https://www.villabalisale.com/property/land/3-6-ARE-LAND-FOR-SALE-IN-JIMBARAN: PASS
2023-09-26 17:26:57,267 | INFO: https://www.villabalisale.com/property/land/LEASEHOLD-LAND-OPPORTUNITY-20-ARE-LAND-IN-KEDUNGU: PASS
2023-09-26 17:27:00,245 | INFO: https://www.villabalisale.com/property/land/great-beachfront-land-opportunity-in-tabanan: PASS
2023-09-26 17:27:04,171 | INFO: https://www.villabalisale.com/property/land/10-Are-of-Prime-Land-in-Tumbak-Bayuh: PASS
2023-09-26 17:27:07,256 | INFO: https://www.villabalisale.com/property/land/26-ARE-LAND-IN-KEDUNGU-CLOSE-TO-THE-BEACH: PASS
2023-09-26 17:27:10,132 | INFO: https://www.villabalisale.com/property/land/16-75-Are-Land-in-Kedungu---5-Mins-to-The-Beach: PASS
2023-09-26 17:27:12,860 | INFO: https://www.villabalisale.com/property/land/NICE-LEASEHOLD-LAND-IN-NUSA-DUA: PASS
2023-09-26 17:27:12,864 | INFO:                                                 Title      Code    First Scrape Date  Current Scrape Date  ...  Land Size (are)  Building Size (sqm) Pool        Furnished
0   PERFECT HIDEAWAY APARTMENT IN UBUD WITH ONE SE...  PVST010B  2023-09-26 17:10:25  2023-09-26 17:15:17  ...             0.00                28.00  yes  fully furnished
1           High quality four bedroom villa in Canggu    VL2750  2023-09-26 17:10:25  2023-09-26 17:15:17  ...             4.60               276.00  yes  fully furnished
2                       Luxurious Mezzanine in Pecatu   CVJ1464  2023-09-26 17:10:25  2023-09-26 17:15:17  ...             1.40               135.00  yes   full furnished
3   Stunning Villa for Sale in Prime Location of D...    VL1688  2023-09-26 17:10:25  2023-09-26 17:15:17  ...             4.00               400.00  yes  Fully Furnished
4   Brand New Hotel with Long Lease for Sale in th...    VL1684  2023-09-26 17:10:25  2023-09-26 17:15:17  ...            30.00              2800.00  yes  fully furnished
5   Off-Plan Luxury Living of 8 Bedroom Villa in T...   PVSR059  2023-09-26 17:10:25  2023-09-26 17:15:17  ...             5.50               680.00  yes  fully furnished
6   Spacious Modern 3 Bedroom Villa in Canggu for ...  CVES1448  2023-09-26 17:10:25  2023-09-26 17:15:17  ...             3.20               247.00  yes  fully furnished
7   Upcoming Three Bedroom Villa Comfort and Charm...   PVSR058  2023-09-26 17:10:25  2023-09-26 17:15:17  ...             1.80               200.00  yes  fully furnished
8               Modern Single Bedroom Villa in Canggu   PVSR054  2023-09-26 17:10:25  2023-09-26 17:15:17  ...             0.75                70.00  yes  fully furnished
9   Freehold property walking distance to the beac...    VL2749  2023-09-26 17:10:25  2023-09-26 17:15:17  ...             7.58               459.00  yes  fully furnished
10        Brand New Loft Apartment for Sale in Berawa    VL2101  2023-09-26 17:15:17  2023-09-26 17:15:17  ...             0.80                78.00  yes  fully furnished
11  New modern two bedroom property for lease in P...    VL2748  2023-09-26 17:15:17  2023-09-26 17:15:17  ...             1.45               120.00  yes  fully furnished
12                  Ocean View Estate With Long Lease    VL2698  2023-09-26 17:15:17  2023-09-26 17:15:17  ...             4.00               498.00  yes  fully furnished
13  UP COMING TROPICAL MEDITERRANEAN 1-BEDROOM VIL...  CVT1442A  2023-09-26 17:15:17  2023-09-26 17:15:17  ...             1.25                91.82  yes  fully furnished
14                    Stylish real estate in Seminyak    VL0618  2023-09-26 17:15:17  2023-09-26 17:15:17  ...             3.00               156.00  yes  Fully Furnished
15  New beautiful two bedroom villas for lease in ...    VL2747  2023-09-26 17:15:17  2023-09-26 17:15:17  ...             1.40                70.00  yes  fully furnished
16  Tropical contemporary 3 Bedroom Villa in Padan...   PVSR057  2023-09-26 17:15:17  2023-09-26 17:15:17  ...             2.50               250.00  yes  fully furnished
17  Exclusive and Luxurious Villa with Massive Cou...  CVAS1276  2023-09-26 17:15:17  2023-09-26 17:15:17  ...            43.00              1000.00  yes  Fully Furnished
18  up coming warm and cozy 3bedroom villa in beno...  CVT1463C  2023-09-26 17:15:17  2023-09-26 17:15:17  ...             2.74               233.00  yes  fully furnished
19  UP COMING  STYLISH AND SPACIOUS 2BEDROOM VILLA...  CVT1463B  2023-09-26 17:15:17  2023-09-26 17:15:17  ...             2.07               159.00  yes  fully furnished
20  Under Renovation Luxury Four Bedrooms Closed L...   YRL2646  2023-09-26 17:10:25  2023-09-26 17:15:17  ...             7.00                 0.00  yes          Unknown
21  Amazing Tropical Style Three Bedroom Open Livi...   YRL2644  2023-09-26 17:10:25  2023-09-26 17:15:17  ...             2.50               205.00  yes          Unknown
22  Cozy Four Bedrooms Teak Wooden Open Living Vil...   YRL2643  2023-09-26 17:10:25  2023-09-26 17:15:17  ...             3.00               400.00  yes          Unknown
23  Amazing Five Bedroom Open Living Villa Five Mi...   YRL2642  2023-09-26 17:10:25  2023-09-26 17:15:17  ...             3.00                 0.00  yes          Unknown
24   Modern One Bedroom Closed Living House In Berawa   YRL2641  2023-09-26 17:10:25  2023-09-26 17:15:17  ...             1.00                 0.00   no          Unknown
25  Beautiful Three Bedroom Boutique Villa Situate...   YRR3225  2023-09-26 17:10:25  2023-09-26 17:15:17  ...             2.00                 0.00  yes          Unknown
26  Stylish Two Bedroom Modern Open Living Room Vi...   YRR3224  2023-09-26 17:10:25  2023-09-26 17:15:17  ...             2.00               200.00  yes          Unknown
27  Luxury Three Bedroom Enclosed Living Villa Set...   YRR3210  2023-09-26 17:10:25  2023-09-26 17:15:17  ...             3.20                 0.00  yes          Unknown
28  Beautiful Five Bedroom Villa situated in the P...   YRE5672  2023-09-26 17:10:25  2023-09-26 17:15:17  ...             5.00                 0.00  yes          Unknown
29  Beautiful One Bedroom Sharing Pool Villa locat...   YRE5597  2023-09-26 17:10:25  2023-09-26 17:15:17  ...            15.00              1000.00  yes          Unknown
30  Expansive 9 Are Land Parcel in Tranquil Perere...    CLG534  2023-09-26 17:10:25  2023-09-26 17:15:17  ...             9.00                 0.00   No               No
31  Tranquil 5 Are Land Parcel with Enchanting Ric...    CLG533  2023-09-26 17:10:25  2023-09-26 17:15:17  ...             5.00                 0.00   No               No
32   Amazing Freehold Land for Sale With Jungle Views      LD71  2023-09-26 17:10:25  2023-09-26 17:15:17  ...            40.30                 0.00   No               No
33                 River View Freehold Land in Nyanyi    CLJ530  2023-09-26 17:10:25  2023-09-26 17:15:17  ...            32.00                 0.00   No               No
34              River View Land in Buwit for Freehold    CLJ532  2023-09-26 17:10:25  2023-09-26 17:15:17  ...            15.00                 0.00   No               No
35           Investment Opportunity near Berawa Beach    CLJ518  2023-09-26 17:10:25  2023-09-26 17:15:17  ...             5.00                 0.00   No               No
36  Great Leasehold Plot Near The Beach with Ocean...      LD64  2023-09-26 17:10:25  2023-09-26 17:15:17  ...            25.00                 0.00   No               No
37    Rare Land Below Market Price in Berawa for Sale  CLES526B  2023-09-26 17:10:25  2023-09-26 17:15:17  ...             3.00                 0.00   No               No
38  Versatile 6 are Land on Jalan Tegal Cupek Kero...    CLG529  2023-09-26 17:10:25  2023-09-26 17:15:17  ...             6.00                 0.00   No               No
39     Tranquil Riverside Land on Jalan Pantai Nyanyi    CLG528  2023-09-26 17:10:25  2023-09-26 17:15:17  ...            13.20                 0.00   No               No

[40 rows x 22 columns]
2023-09-26 17:27:12,889 | INFO: The Google Sheet is not empty!
2023-09-26 17:27:12,905 | DEBUG: Resetting dropped connection: sheets.googleapis.com
2023-09-26 17:27:13,435 | DEBUG: https://sheets.googleapis.com:443 "POST /v4/spreadsheets/1HP5RYHmyaTr0PmEo8pWtoHUsG45vsEUKPJViRjC0fAA/values/%27Sheet1%27:clear HTTP/1.1" 200 None
2023-09-26 17:27:13,681 | DEBUG: https://sheets.googleapis.com:443 "POST /v4/spreadsheets/1HP5RYHmyaTr0PmEo8pWtoHUsG45vsEUKPJViRjC0fAA:batchUpdate HTTP/1.1" 200 None
2023-09-26 17:27:14,150 | DEBUG: https://sheets.googleapis.com:443 "POST /v4/spreadsheets/1HP5RYHmyaTr0PmEo8pWtoHUsG45vsEUKPJViRjC0fAA/values/%27Sheet1%27%21A1:append?valueInputOption=RAW HTTP/1.1" 200 None
2023-09-26 17:27:14,376 | DEBUG: https://sheets.googleapis.com:443 "POST /v4/spreadsheets/1HP5RYHmyaTr0PmEo8pWtoHUsG45vsEUKPJViRjC0fAA:batchUpdate HTTP/1.1" 200 None
2023-09-26 17:27:14,616 | DEBUG: https://sheets.googleapis.com:443 "POST /v4/spreadsheets/1HP5RYHmyaTr0PmEo8pWtoHUsG45vsEUKPJViRjC0fAA/values/%27Sheet1%27%21A2:append?valueInputOption=RAW HTTP/1.1" 200 None
