2023-09-26 16:37:31,006 | DEBUG: Using selector: EpollSelector
2023-09-26 16:37:36,011 | DEBUG: Converted retries value: 3 -> Retry(total=3, connect=None, read=None, redirect=None, status=None)
2023-09-26 16:37:36,016 | DEBUG: Making request: POST https://oauth2.googleapis.com/token
2023-09-26 16:37:36,019 | DEBUG: Starting new HTTPS connection (1): oauth2.googleapis.com:443
2023-09-26 16:37:36,207 | DEBUG: https://oauth2.googleapis.com:443 "POST /token HTTP/1.1" 200 None
2023-09-26 16:37:36,210 | DEBUG: Starting new HTTPS connection (1): sheets.googleapis.com:443
2023-09-26 16:37:36,605 | DEBUG: https://sheets.googleapis.com:443 "GET /v4/spreadsheets/1HP5RYHmyaTr0PmEo8pWtoHUsG45vsEUKPJViRjC0fAA?includeGridData=false HTTP/1.1" 200 None
2023-09-26 16:37:36,782 | DEBUG: https://sheets.googleapis.com:443 "GET /v4/spreadsheets/1HP5RYHmyaTr0PmEo8pWtoHUsG45vsEUKPJViRjC0fAA?includeGridData=false HTTP/1.1" 200 None
2023-09-26 16:37:37,051 | DEBUG: https://sheets.googleapis.com:443 "GET /v4/spreadsheets/1HP5RYHmyaTr0PmEo8pWtoHUsG45vsEUKPJViRjC0fAA/values/%27Sheet1%27 HTTP/1.1" 200 None
2023-09-26 16:37:37,056 | INFO: Page: 0
2023-09-26 16:37:40,891 | INFO: https://www.villabalisale.com/property/villas-for-sale/PERFECT-HIDEAWAY-APARTMENT-IN-UBUD-WITH-ONE-SECLUDED-BEDROOM: PASS
2023-09-26 16:37:43,861 | INFO: https://www.villabalisale.com/property/villas-for-sale/High-quality-four-bedroom-villa-in-Canggu: PASS
2023-09-26 16:37:47,113 | INFO: https://www.villabalisale.com/property/villas-for-sale/luxurious-mezzanine-in-pecatu: PASS
2023-09-26 16:37:50,030 | INFO: https://www.villabalisale.com/property/villas-for-sale/stunning-villa-for-sale-in-prime-location-of-drupadi: PASS
2023-09-26 16:37:52,909 | ERROR: invalid literal for int() with base 10: '': FIXED
2023-09-26 16:37:52,909 | ERROR: invalid literal for int() with base 10: '': FIXED
2023-09-26 16:37:52,909 | INFO: https://www.villabalisale.com/property/villas-for-sale/brand-new-hotel-with-long-lease-for-sale-in-the-heart-of-seminyak: PASS
2023-09-26 16:37:55,987 | ERROR: invalid literal for int() with base 10: '': FIXED
2023-09-26 16:37:55,987 | ERROR: invalid literal for int() with base 10: '': FIXED
2023-09-26 16:37:55,987 | INFO: https://www.villabalisale.com/property/villas-for-sale/off-plan-luxury-living-of-8-bedroom-villa-in-tumbak-bayuh: PASS
2023-09-26 16:37:59,061 | INFO: https://www.villabalisale.com/property/villas-for-sale/spacious-modern-3-bedroom-villa-in-canggu-for-sale: PASS
2023-09-26 16:38:03,865 | INFO: https://www.villabalisale.com/property/villas-for-sale/upcoming-three-bedroom-villa-comfort-and-charm-in-tumbak-bayuh: PASS
2023-09-26 16:38:06,789 | INFO: https://www.villabalisale.com/property/villas-for-sale/Modern-Single-Bedroom-Villa-in-Canggu: PASS
2023-09-26 16:38:09,699 | INFO: https://www.villabalisale.com/property/villas-for-sale/Freehold-property-walking-distance-to-the-beach-in-Batu-Belig: PASS
2023-09-26 16:38:09,699 | INFO: Page: 1
2023-09-26 16:38:13,340 | INFO: https://www.villabalisale.com/property/villas-for-sale/Brand-New-Loft-Apartment-for-Sale-in-Berawa: PASS
2023-09-26 16:38:16,208 | INFO: https://www.villabalisale.com/property/villas-for-sale/New-modern-two-bedroom-property-for-lease-in-Padonan: PASS
2023-09-26 16:38:19,077 | INFO: https://www.villabalisale.com/property/villas-for-sale/Ocean-View-Estate-With-Long-Lease: PASS
2023-09-26 16:38:21,979 | INFO: https://www.villabalisale.com/property/villas-for-sale/UP-COMING-TROPICAL-MEDITERRANEAN-1-BEDROOM-VILLA-IN-SESEH: PASS
2023-09-26 16:38:25,056 | INFO: https://www.villabalisale.com/property/villas-for-sale/stylish-real-estate-in-seminyak: PASS
2023-09-26 16:38:27,847 | INFO: https://www.villabalisale.com/property/villas-for-sale/New-beautiful-two-bedroom-villas-for-lease-in-Balangan: PASS
2023-09-26 16:38:32,486 | INFO: https://www.villabalisale.com/property/villas-for-sale/tropical-contemporary-3-bedroom-villa-in-padang-padang-area: PASS
2023-09-26 16:38:35,605 | INFO: https://www.villabalisale.com/property/villas-for-sale/Exclusive-and-Luxurious-Villa-with-Massive-Courtyard-in-Kayu-Tulang-for-Sale: PASS
2023-09-26 16:38:38,463 | INFO: https://www.villabalisale.com/property/villas-for-sale/up-coming-warm-and-cozy-3bedroom-villa-in-benoa-for-sale: PASS
2023-09-26 16:38:41,308 | INFO: https://www.villabalisale.com/property/villas-for-sale/up-coming-stylish-and-spacious-2bedroom-villa-in-benoa-for-sale: PASS
2023-09-26 16:38:41,310 | INFO: Page: 0
2023-09-26 16:38:45,077 | INFO: https://www.villabalisale.com/property/villas-for-rent/under-renovation-luxury-four-bedrooms-closed-living-villa-in-umalas: PASS
2023-09-26 16:38:48,009 | INFO: https://www.villabalisale.com/property/villas-for-rent/amazing-tropical-style-three-bedroom-open-living-villa-in-padang-linjong-canggu: PASS
2023-09-26 16:38:51,256 | INFO: https://www.villabalisale.com/property/villas-for-rent/four-bedroom-wooden-teak-villa-located-in-kerobokan: PASS
2023-09-26 16:38:54,749 | INFO: https://www.villabalisale.com/property/villas-for-rent/amazing-five-bedroom-open-living-villa-five-minute-to-the-beach: PASS
2023-09-26 16:38:57,464 | INFO: https://www.villabalisale.com/property/villas-for-rent/modern-one-bedroom-closed-living-house-in-berawa: PASS
2023-09-26 16:39:00,261 | ERROR: could not convert string to float: 'free hold': FIXED
2023-09-26 16:39:00,261 | INFO: https://www.villabalisale.com/property/villas-for-rent/beautiful-three-bedroom-boutique-villa-situated-in-canggu: PASS
2023-09-26 16:39:02,962 | INFO: https://www.villabalisale.com/property/villas-for-rent/stylish-two-bedroom-modern-open-living-room-villa-set-in-tumbak-bayuh: PASS
2023-09-26 16:39:05,872 | ERROR: list index out of range: FIXED
2023-09-26 16:39:05,872 | INFO: https://www.villabalisale.com/property/villas-for-rent/luxury-three-bedroom-enclosed-living-villa-set-in-pererenan: PASS
2023-09-26 16:39:08,783 | INFO: https://www.villabalisale.com/property/villas-for-rent/beautiful-five-bedroom-villa-situated-in-the-pererenan-area: PASS
2023-09-26 16:39:11,730 | ERROR: list index out of range: FIXED
2023-09-26 16:39:11,730 | INFO: https://www.villabalisale.com/property/villas-for-rent/beautiful-one-bedroom-sharing-pool-villa-located-in-seminyak: PASS
2023-09-26 16:39:11,732 | INFO: Page: 0
2023-09-26 16:39:15,768 | INFO: https://www.villabalisale.com/property/land/Expansive-9-Are-Land-Parcel-in-Tranquil-Pererenan-Tumbak-Bayuh-Vicinity: PASS
2023-09-26 16:39:18,694 | INFO: https://www.villabalisale.com/property/land/Tranquil-5-Are-Land-Parcel-with-Enchanting-Rice-Field-Views-in-Tumbak-Bayuh: PASS
2023-09-26 16:39:21,857 | INFO: https://www.villabalisale.com/property/land/amazing-freehold-land-for-sale-with-jungle-views: PASS
2023-09-26 16:39:24,813 | INFO: https://www.villabalisale.com/property/land/river-view-freehold-land: PASS
2023-09-26 16:39:27,700 | INFO: https://www.villabalisale.com/property/land/river-view-land-in-buwit-for-freehold: PASS
2023-09-26 16:39:30,496 | INFO: https://www.villabalisale.com/property/land/Investment-Opportunity-near-Berawa-Beach: PASS
2023-09-26 16:39:33,434 | INFO: https://www.villabalisale.com/property/land/Great-Leasehold-Plot-Near-The-Beach-with-Ocean-View: PASS
2023-09-26 16:39:36,793 | INFO: https://www.villabalisale.com/property/land/Rare-Land-Below-Market-Price-in-Berawa-for-Sale: PASS
2023-09-26 16:39:39,694 | INFO: https://www.villabalisale.com/property/land/Versatile-6-are-Land-on-Jalan-Tegal-Cupek-Kerobokan: PASS
2023-09-26 16:39:42,636 | INFO: https://www.villabalisale.com/property/land/Tranquil-Riverside-Land-on-Jalan-Pantai-Nyanyi: PASS
2023-09-26 16:39:42,640 | INFO:                                                 Title      Code    First Scrape Date  Current Scrape Date  ...  Land Size (are)  Building Size (sqm) Pool        Furnished
0   PERFECT HIDEAWAY APARTMENT IN UBUD WITH ONE SE...  PVST010B  2023-09-26 15:54:59  2023-09-26 15:54:59  ...             0.00                   28  yes  fully furnished
1           High quality four bedroom villa in Canggu    VL2750  2023-09-26 15:54:59  2023-09-26 15:54:59  ...             4.60                  276  yes  fully furnished
2                       Luxurious Mezzanine in Pecatu   CVJ1464  2023-09-26 15:54:59  2023-09-26 15:54:59  ...             1.40                  135  yes   full furnished
3   Stunning Villa for Sale in Prime Location of D...    VL1688  2023-09-26 15:54:59  2023-09-26 15:54:59  ...             4.00                  400  yes  Fully Furnished
4   Brand New Hotel with Long Lease for Sale in th...    VL1684  2023-09-26 15:54:59  2023-09-26 15:54:59  ...            30.00                 2800  yes  fully furnished
5   Off-Plan Luxury Living of 8 Bedroom Villa in T...   PVSR059  2023-09-26 15:54:59  2023-09-26 15:54:59  ...             5.50                  680  yes  fully furnished
6   Spacious Modern 3 Bedroom Villa in Canggu for ...  CVES1448  2023-09-26 15:54:59  2023-09-26 15:54:59  ...             3.20                  247  yes  fully furnished
7   Upcoming Three Bedroom Villa Comfort and Charm...   PVSR058  2023-09-26 15:54:59  2023-09-26 15:54:59  ...             1.80                  200  yes  fully furnished
8               Modern Single Bedroom Villa in Canggu   PVSR054  2023-09-26 15:54:59  2023-09-26 15:54:59  ...             0.75                   70  yes  fully furnished
9   Freehold property walking distance to the beac...    VL2749  2023-09-26 15:54:59  2023-09-26 15:54:59  ...             7.58                  459  yes  fully furnished
10  Cozy Four Bedrooms Teak Wooden Open Living Vil...   YRL2643  2023-09-26 15:54:59  2023-09-26 15:54:59  ...             3.00                  400  yes          Unknown
11  Amazing Five Bedroom Open Living Villa Five Mi...   YRL2642  2023-09-26 15:54:59  2023-09-26 15:54:59  ...             3.00                    0  yes          Unknown
12   Modern One Bedroom Closed Living House In Berawa   YRL2641  2023-09-26 15:54:59  2023-09-26 15:54:59  ...             1.00                    0   no          Unknown
13  Beautiful Three Bedroom Boutique Villa Situate...   YRR3225  2023-09-26 15:54:59  2023-09-26 15:54:59  ...             2.00                    0  yes          Unknown
14  Stylish Two Bedroom Modern Open Living Room Vi...   YRR3224  2023-09-26 15:54:59  2023-09-26 15:54:59  ...             2.00                  200  yes          Unknown
15  Luxury Three Bedroom Enclosed Living Villa Set...   YRR3210  2023-09-26 15:54:59  2023-09-26 15:54:59  ...             3.20                    0  yes          Unknown
16  Beautiful Five Bedroom Villa situated in the P...   YRE5672  2023-09-26 15:54:59  2023-09-26 15:54:59  ...             5.00                    0  yes          Unknown
17  Beautiful One Bedroom Sharing Pool Villa locat...   YRE5597  2023-09-26 15:54:59  2023-09-26 15:54:59  ...            15.00                 1000  yes          Unknown
18  Stunning Four Bedroom Villa walking distance t...   YRE5713  2023-09-26 15:54:59  2023-09-26 15:54:59  ...             3.50                  500  yes          Unknown
19  Gorgeous Three Bedroom Villa walking distance ...   YRE5624  2023-09-26 15:54:59  2023-09-26 15:54:59  ...             3.50                  250  yes          Unknown
20  Expansive 9 Are Land Parcel in Tranquil Perere...    CLG534  2023-09-26 15:54:59  2023-09-26 15:54:59  ...             9.00                    0   No               No
21  Tranquil 5 Are Land Parcel with Enchanting Ric...    CLG533  2023-09-26 15:54:59  2023-09-26 15:54:59  ...             5.00                    0   No               No
22   Amazing Freehold Land for Sale With Jungle Views      LD71  2023-09-26 15:54:59  2023-09-26 15:54:59  ...            40.30                    0   No               No
23                 River View Freehold Land in Nyanyi    CLJ530  2023-09-26 15:54:59  2023-09-26 15:54:59  ...            32.00                    0   No               No
24              River View Land in Buwit for Freehold    CLJ532  2023-09-26 15:54:59  2023-09-26 15:54:59  ...            15.00                    0   No               No
25           Investment Opportunity near Berawa Beach    CLJ518  2023-09-26 15:54:59  2023-09-26 15:54:59  ...             5.00                    0   No               No
26  Great Leasehold Plot Near The Beach with Ocean...      LD64  2023-09-26 15:54:59  2023-09-26 15:54:59  ...            25.00                    0   No               No
27    Rare Land Below Market Price in Berawa for Sale  CLES526B  2023-09-26 15:54:59  2023-09-26 15:54:59  ...             3.00                    0   No               No
28  Versatile 6 are Land on Jalan Tegal Cupek Kero...    CLG529  2023-09-26 15:54:59  2023-09-26 15:54:59  ...             6.00                    0   No               No
29     Tranquil Riverside Land on Jalan Pantai Nyanyi    CLG528  2023-09-26 15:54:59  2023-09-26 15:54:59  ...            13.20                    0   No               No

[30 rows x 22 columns]
2023-09-26 16:39:42,667 | INFO: The Google Sheet is not empty!
2023-09-26 16:39:42,671 | INFO:                                                 Title  Price (USD)   Price (IDR) Payment Period (USD)  ...  Current Scrape Date    First Scrape Date Original Price (USD) Original Price (IDR)
0   PERFECT HIDEAWAY APARTMENT IN UBUD WITH ONE SE...      85000.0  1.309540e+09             one time  ...  2023-09-26 16:39:42  2023-09-26 15:54:59              85000.0         1.309540e+09
1           High quality four bedroom villa in Canggu     771000.0  1.187830e+10             one time  ...  2023-09-26 16:39:42  2023-09-26 15:54:59             771000.0         1.187830e+10
2                       Luxurious Mezzanine in Pecatu     256450.0  3.950959e+09             one time  ...  2023-09-26 16:39:42  2023-09-26 15:54:59             256450.0         3.950959e+09
3   Stunning Villa for Sale in Prime Location of D...     495000.0  7.626144e+09             one time  ...  2023-09-26 16:39:42  2023-09-26 15:54:59             495000.0         7.626144e+09
4   Brand New Hotel with Long Lease for Sale in th...          0.0  0.000000e+00           on request  ...  2023-09-26 16:39:42  2023-09-26 15:54:59                  0.0         0.000000e+00
5   Off-Plan Luxury Living of 8 Bedroom Villa in T...          0.0  0.000000e+00           on request  ...  2023-09-26 16:39:42  2023-09-26 15:54:59                  0.0         0.000000e+00
6   Spacious Modern 3 Bedroom Villa in Canggu for ...     460000.0  7.086922e+09             one time  ...  2023-09-26 16:39:42  2023-09-26 15:54:59             460000.0         7.086922e+09
7   Upcoming Three Bedroom Villa Comfort and Charm...     299000.0  4.606499e+09             one time  ...  2023-09-26 16:39:42  2023-09-26 15:54:59             299000.0         4.606499e+09
8               Modern Single Bedroom Villa in Canggu     185000.0  2.850175e+09             one time  ...  2023-09-26 16:39:42  2023-09-26 15:54:59             185000.0         2.850175e+09
9   Freehold property walking distance to the beac...    1599000.0  2.463476e+10             one time  ...  2023-09-26 16:39:42  2023-09-26 15:54:59            1599000.0         2.463476e+10
10        Brand New Loft Apartment for Sale in Berawa     220688.0  3.400000e+09             one time  ...  2023-09-26 16:39:42                  NaN                  NaN                  NaN
11  New modern two bedroom property for lease in P...     207382.0  3.195000e+09             one time  ...  2023-09-26 16:39:42                  NaN                  NaN                  NaN
12                  Ocean View Estate With Long Lease     621000.0  9.567344e+09             one time  ...  2023-09-26 16:39:42                  NaN                  NaN                  NaN
13  UP COMING TROPICAL MEDITERRANEAN 1-BEDROOM VIL...     165000.0  2.542048e+09             one time  ...  2023-09-26 16:39:42                  NaN                  NaN                  NaN
14                    Stylish real estate in Seminyak     275000.0  4.236747e+09             one time  ...  2023-09-26 16:39:42                  NaN                  NaN                  NaN
15  New beautiful two bedroom villas for lease in ...     110000.0  1.694699e+09             one time  ...  2023-09-26 16:39:42                  NaN                  NaN                  NaN
16  Tropical contemporary 3 Bedroom Villa in Padan...     410000.0  6.316604e+09             one time  ...  2023-09-26 16:39:42                  NaN                  NaN                  NaN
17  Exclusive and Luxurious Villa with Massive Cou...     750000.0  1.155476e+10             one time  ...  2023-09-26 16:39:42                  NaN                  NaN                  NaN
18  up coming warm and cozy 3bedroom villa in beno...     543900.0  8.379514e+09             one time  ...  2023-09-26 16:39:42                  NaN                  NaN                  NaN
19  UP COMING  STYLISH AND SPACIOUS 2BEDROOM VILLA...     488400.0  7.524462e+09             one time  ...  2023-09-26 16:39:42                  NaN                  NaN                  NaN
20  Under Renovation Luxury Four Bedrooms Closed L...      69000.0  1.063038e+09             annually  ...  2023-09-26 16:39:42                  NaN                  NaN                  NaN
21  Amazing Tropical Style Three Bedroom Open Livi...      34661.0  5.340000e+08             annually  ...  2023-09-26 16:39:42                  NaN                  NaN                  NaN
22  Cozy Four Bedrooms Teak Wooden Open Living Vil...      22718.0  3.500000e+08             annually  ...  2023-09-26 16:39:42  2023-09-26 15:54:59              22718.0         3.500000e+08
23  Amazing Five Bedroom Open Living Villa Five Mi...      80000.0  1.232508e+09             annually  ...  2023-09-26 16:39:42  2023-09-26 15:54:59              80000.0         1.232508e+09
24   Modern One Bedroom Closed Living House In Berawa      12982.0  2.000000e+08             annually  ...  2023-09-26 16:39:42  2023-09-26 15:54:59              12982.0         2.000000e+08
25  Beautiful Three Bedroom Boutique Villa Situate...       3051.0  4.700000e+07              monthly  ...  2023-09-26 16:39:42  2023-09-26 15:54:59               3051.0         4.700000e+07
26  Stylish Two Bedroom Modern Open Living Room Vi...      30831.0  4.750000e+08             annually  ...  2023-09-26 16:39:42  2023-09-26 15:54:59              30831.0         4.750000e+08
27  Luxury Three Bedroom Enclosed Living Villa Set...       9087.0  1.400000e+08              monthly  ...  2023-09-26 16:39:42  2023-09-26 15:54:59               9087.0         1.400000e+08
28  Beautiful Five Bedroom Villa situated in the P...      25963.0  4.000000e+08             annually  ...  2023-09-26 16:39:42  2023-09-26 15:54:59              25963.0         4.000000e+08
29  Beautiful One Bedroom Sharing Pool Villa locat...       1753.0  2.700000e+07              monthly  ...  2023-09-26 16:39:42  2023-09-26 15:54:59               1753.0         2.700000e+07
30  Expansive 9 Are Land Parcel in Tranquil Perere...     280404.0  4.320000e+09            25 years   ...  2023-09-26 16:39:42  2023-09-26 15:54:59             280404.0         4.320000e+09
31  Tranquil 5 Are Land Parcel with Enchanting Ric...     131439.0  2.025000e+09            25 years   ...  2023-09-26 16:39:42  2023-09-26 15:54:59             131439.0         2.025000e+09
32   Amazing Freehold Land for Sale With Jungle Views     653951.0  1.007500e+10             one time  ...  2023-09-26 16:39:42  2023-09-26 15:54:59             653951.0         1.007500e+10
33                 River View Freehold Land in Nyanyi     763322.0  1.176000e+10             one time  ...  2023-09-26 16:39:42  2023-09-26 15:54:59             763322.0         1.176000e+10
34              River View Land in Buwit for Freehold     408922.0  6.300000e+09             one time  ...  2023-09-26 16:39:42  2023-09-26 15:54:59             408922.0         6.300000e+09
35           Investment Opportunity near Berawa Beach    1070987.0  1.650000e+10             one time  ...  2023-09-26 16:39:42  2023-09-26 15:54:59            1070987.0         1.650000e+10
36  Great Leasehold Plot Near The Beach with Ocean...     678292.0  1.045000e+10            22 years   ...  2023-09-26 16:39:42  2023-09-26 15:54:59             678292.0         1.045000e+10
37    Rare Land Below Market Price in Berawa for Sale     111967.0  1.725000e+09            23 years   ...  2023-09-26 16:39:42  2023-09-26 15:54:59             111967.0         1.725000e+09
38  Versatile 6 are Land on Jalan Tegal Cupek Kero...     607542.0  9.360000e+09             one time  ...  2023-09-26 16:39:42  2023-09-26 15:54:59             607542.0         9.360000e+09
39     Tranquil Riverside Land on Jalan Pantai Nyanyi     334148.0  5.148000e+09             one time  ...  2023-09-26 16:39:42  2023-09-26 15:54:59             334148.0         5.148000e+09
40                                                NaN          NaN           NaN                  NaN  ...                  NaN  2023-09-26 15:54:59              51927.0         8.000000e+08
41                                                NaN          NaN           NaN                  NaN  ...                  NaN  2023-09-26 15:54:59              75000.0         1.155476e+09

[42 rows x 22 columns]
2023-09-26 16:39:43,047 | DEBUG: https://sheets.googleapis.com:443 "POST /v4/spreadsheets/1HP5RYHmyaTr0PmEo8pWtoHUsG45vsEUKPJViRjC0fAA/values/%27Sheet1%27:clear HTTP/1.1" 200 None
2023-09-26 16:39:43,284 | DEBUG: https://sheets.googleapis.com:443 "POST /v4/spreadsheets/1HP5RYHmyaTr0PmEo8pWtoHUsG45vsEUKPJViRjC0fAA:batchUpdate HTTP/1.1" 200 None
2023-09-26 16:39:43,827 | DEBUG: https://sheets.googleapis.com:443 "POST /v4/spreadsheets/1HP5RYHmyaTr0PmEo8pWtoHUsG45vsEUKPJViRjC0fAA/values/%27Sheet1%27%21A1:append?valueInputOption=RAW HTTP/1.1" 200 None
2023-09-26 16:39:44,053 | DEBUG: https://sheets.googleapis.com:443 "POST /v4/spreadsheets/1HP5RYHmyaTr0PmEo8pWtoHUsG45vsEUKPJViRjC0fAA:batchUpdate HTTP/1.1" 200 None
2023-09-26 16:39:44,055 | INFO: Out of range float values are not JSON compliant: FAIL
